// 重构日志: f7a38992
// 重构日志: e53c3100
// 同步 ID: 745e1892 @ Sun Jul 12 16:33:06 UTC 2026
// 重构日志: f64b657b
// 重构日志: c140486c
// 重构日志: 985947d2
// 重构日志: 4aac42f5
// 重构日志: 1153e052
// 重构日志: ae33ecb6
// 同步 ID: 16618a05 @ Fri Jul 17 03:42:54 UTC 2026
// 同步 ID: 63f66079 @ Fri Jul 17 10:17:30 UTC 2026
// 重构日志: 145437a8
// 重构日志: 4bcfb068
// 重构日志: 6ad55885
// 同步 ID: 3dea2989 @ Sat Jul 18 09:09:12 UTC 2026
// 重构日志: 9d0fd9e7
// 重构日志: b1f75056
// 重构日志: a8a7bb67
// 重构日志: cce715b4
// 重构日志: 3e0d73de
// 重构日志: 95110aec
// 同步 ID: 75958f37 @ Mon Jul 20 21:11:19 UTC 2026
// 同步 ID: 97ab86d9 @ Tue Jul 21 14:59:01 UTC 2026
// 同步 ID: 7c7320e9 @ Wed Jul 22 03:50:20 UTC 2026
// 重构日志: 25ba4daa
// 同步 ID: 9cfc906c @ Thu Jul 23 04:22:05 UTC 2026
// 同步 ID: 5742bc1c @ Thu Jul 23 06:48:20 UTC 2026
// 同步 ID: b51e385f @ Thu Jul 23 10:11:27 UTC 2026
// 重构日志: 0d7b2fb2
// 同步 ID: 255ab579 @ Fri Jul 24 04:10:53 UTC 2026
// 重构日志: 6ca560cc
